This is e-upTeX, Version 3.141592653-p4.1.0-u1.29-230214-2.6 (utf8.sjis) (TeX Live 2023) (preloaded format=platex 2023.11.1)  1 NOV 2023 10:58
entering extended mode
 restricted \write18 enabled.
 %&-line parsing enabled.
**dokyun.tex
(./dokyun.tex
pLaTeX2e <2023-02-14>+1, based on
LaTeX2e <2023-06-01> patch level 1
L3 programming layer <2023-10-23>

! LaTeX Error: There's no line here to end.

See the LaTeX manual or LaTeX Companion for explanation.
Type  H <return>  for immediate help.
 ...                                              
                                                  
l.2 次
      に、$SimpComp$(単体複体の圏)を定義する。\\
? 
! Emergency stop.
 ...                                              
                                                  
l.2 次
      に、$SimpComp$(単体複体の圏)を定義する。\\
Your command was ignored.
Type  I <command> <return>  to replace it with another command,
or  <return>  to continue without it.

 
Here is how much of TeX's memory you used:
 18 strings out of 475055
 461 string characters out of 5768484
 1915881 words of memory out of 5000000
 22199 multiletter control sequences out of 15000+600000
 561940 words of font info for 53 fonts, out of 8000000 for 9000
 929 hyphenation exceptions out of 8191
 15i,0n,23p,57b,18s stack positions out of 10000i,1000n,20000p,200000b,200000s
No pages of output.
